2019-01-06 02:58:39.645 [restartedMain] INFO  cn.edu.nju.software.agile_server.MainApplication 50 - Starting MainApplication on DESKTOP-RNKM58F with PID 9040 (E:\IDEAProjects\AgileHomework\AgileServer\target\classes started by mengf in E:\IDEAProjects\AgileHomework\AgileServer)
2019-01-06 02:58:39.648 [restartedMain] DEBUG cn.edu.nju.software.agile_server.MainApplication 53 - Running with Spring Boot v2.1.1.RELEASE, Spring v5.1.3.RELEASE
2019-01-06 02:58:39.649 [restartedMain] INFO  cn.edu.nju.software.agile_server.MainApplication 679 - The following profiles are active: dev
2019-01-06 02:58:39.694 [restartedMain] INFO  o.s.b.d.env.DevToolsPropertyDefaultsPostProcessor 227 - Devtools property defaults active! Set 'spring.devtools.add-properties' to 'false' to disable
2019-01-06 02:58:39.695 [restartedMain] INFO  o.s.b.d.env.DevToolsPropertyDefaultsPostProcessor 227 - For additional web related logging consider setting the 'logging.level.web' property to 'DEBUG'
2019-01-06 02:58:40.172 [restartedMain] WARN  org.mybatis.spring.mapper.ClassPathMapperScanner 166 - No MyBatis mapper was found in '[cn.edu.nju.software.agile_server]' package. Please check your configuration.
2019-01-06 02:58:40.755 [restartedMain] INFO  o.s.boot.web.embedded.tomcat.TomcatWebServer 90 - Tomcat initialized with port(s): 9090 (http)
2019-01-06 02:58:40.764 [restartedMain] INFO  org.apache.coyote.http11.Http11NioProtocol 173 - Initializing ProtocolHandler ["http-nio-9090"]
2019-01-06 02:58:40.770 [restartedMain] INFO  org.apache.catalina.core.StandardService 173 - Starting service [Tomcat]
2019-01-06 02:58:40.771 [restartedMain] INFO  org.apache.catalina.core.StandardEngine 173 - Starting Servlet Engine: Apache Tomcat/9.0.13
2019-01-06 02:58:40.776 [restartedMain] INFO  org.apache.catalina.core.AprLifecycleListener 173 - The APR based Apache Tomcat Native library which allows optimal performance in production environments was not found on the java.library.path: [E:\Java\jdk1.8.0_172\bin;C:\WINDOWS\Sun\Java\bin;C:\WINDOWS\system32;C:\WINDOWS;D:\CUDA\cuda9.0\cuda_development\bin;D:\CUDA\cuda9.0\cuda_development\libnvvp;C:\Program Files (x86)\Common Files\Intel\Shared Libraries\redist\intel64\compiler;C:\Program Files (x86)\Common Files\Oracle\Java\javapath;C:\Windows\system32;C:\Windows;C:\Windows\System32\Wbem;C:\Windows\System32\WindowsPowerShell\v1.0\;C:\Windows\System32\OpenSSH\;E:\Java\jdk1.8.0_172\bin;E:\Java\jdk1.8.0_172\jre\bin;C:\Program Files\nodejs\;E:\Maven\apache-maven-3.5.3\bin\;D:\MySQL\mysql-8.0.11-winx64\bin\;D:\Anaconda\Anaconda3\envs\tensorflow\;D:\Anaconda\Anaconda3\envs\tensorflow\Scripts;D:\MongoDB\Server\3.6\bin;D:\redis\Redis-x64-3.2.100;D:\Microsoft VS Code\bin;C:\Program Files (x86)\Google\Chrome\Application;D:\ffmpeg\ffmpeg-win64-static\bin;D:\CTEX\UserData\miktex\bin;D:\CTEX\MiKTeX\miktex\bin;D:\CTEX\CTeX\ctex\bin;D:\CTEX\CTeX\cct\bin;D:\CTEX\CTeX\ty\bin;D:\CTEX\Ghostscript\gs9.05\bin;D:\CTEX\GSview\gsview;D:\CTEX\WinEdt;E:\node_modules\npm;C:\WINDOWS\system32;C:\WINDOWS;C:\WINDOWS\System32\Wbem;C:\WINDOWS\System32\WindowsPowerShell\v1.0\;C:\WINDOWS\System32\OpenSSH\;D:\Pandoc\;C:\Program Files\NVIDIA Corporation\NVIDIA NvDLISR;C:\Program Files (x86)\NVIDIA Corporation\PhysX\Common;C:\Program Files\Git\cmd;C:\Users\mengf\AppData\Local\Microsoft\WindowsApps;C:\Users\mengf\AppData\Roaming\npm;D:\Fiddler;%USERPROFILE%\AppData\Local\Microsoft\WindowsApps;.]
2019-01-06 02:58:46.704 [restartedMain] INFO  cn.edu.nju.software.agile_server.MainApplication 50 - Starting MainApplication on DESKTOP-RNKM58F with PID 9936 (E:\IDEAProjects\AgileHomework\AgileServer\target\classes started by mengf in E:\IDEAProjects\AgileHomework\AgileServer)
2019-01-06 02:58:46.706 [restartedMain] DEBUG cn.edu.nju.software.agile_server.MainApplication 53 - Running with Spring Boot v2.1.1.RELEASE, Spring v5.1.3.RELEASE
2019-01-06 02:58:46.707 [restartedMain] INFO  cn.edu.nju.software.agile_server.MainApplication 679 - The following profiles are active: dev
2019-01-06 02:58:46.736 [restartedMain] INFO  o.s.b.d.env.DevToolsPropertyDefaultsPostProcessor 227 - Devtools property defaults active! Set 'spring.devtools.add-properties' to 'false' to disable
2019-01-06 02:58:46.736 [restartedMain] INFO  o.s.b.d.env.DevToolsPropertyDefaultsPostProcessor 227 - For additional web related logging consider setting the 'logging.level.web' property to 'DEBUG'
2019-01-06 02:58:47.091 [restartedMain] WARN  org.mybatis.spring.mapper.ClassPathMapperScanner 166 - No MyBatis mapper was found in '[cn.edu.nju.software.agile_server]' package. Please check your configuration.
2019-01-06 02:58:47.481 [restartedMain] INFO  o.s.boot.web.embedded.tomcat.TomcatWebServer 90 - Tomcat initialized with port(s): 9090 (http)
2019-01-06 02:58:47.489 [restartedMain] INFO  org.apache.coyote.http11.Http11NioProtocol 173 - Initializing ProtocolHandler ["http-nio-9090"]
2019-01-06 02:58:47.495 [restartedMain] INFO  org.apache.catalina.core.StandardService 173 - Starting service [Tomcat]
2019-01-06 02:58:47.495 [restartedMain] INFO  org.apache.catalina.core.StandardEngine 173 - Starting Servlet Engine: Apache Tomcat/9.0.13
2019-01-06 02:58:47.500 [restartedMain] INFO  org.apache.catalina.core.AprLifecycleListener 173 - The APR based Apache Tomcat Native library which allows optimal performance in production environments was not found on the java.library.path: [E:\Java\jdk1.8.0_172\bin;C:\WINDOWS\Sun\Java\bin;C:\WINDOWS\system32;C:\WINDOWS;D:\CUDA\cuda9.0\cuda_development\bin;D:\CUDA\cuda9.0\cuda_development\libnvvp;C:\Program Files (x86)\Common Files\Intel\Shared Libraries\redist\intel64\compiler;C:\Program Files (x86)\Common Files\Oracle\Java\javapath;C:\Windows\system32;C:\Windows;C:\Windows\System32\Wbem;C:\Windows\System32\WindowsPowerShell\v1.0\;C:\Windows\System32\OpenSSH\;E:\Java\jdk1.8.0_172\bin;E:\Java\jdk1.8.0_172\jre\bin;C:\Program Files\nodejs\;E:\Maven\apache-maven-3.5.3\bin\;D:\MySQL\mysql-8.0.11-winx64\bin\;D:\Anaconda\Anaconda3\envs\tensorflow\;D:\Anaconda\Anaconda3\envs\tensorflow\Scripts;D:\MongoDB\Server\3.6\bin;D:\redis\Redis-x64-3.2.100;D:\Microsoft VS Code\bin;C:\Program Files (x86)\Google\Chrome\Application;D:\ffmpeg\ffmpeg-win64-static\bin;D:\CTEX\UserData\miktex\bin;D:\CTEX\MiKTeX\miktex\bin;D:\CTEX\CTeX\ctex\bin;D:\CTEX\CTeX\cct\bin;D:\CTEX\CTeX\ty\bin;D:\CTEX\Ghostscript\gs9.05\bin;D:\CTEX\GSview\gsview;D:\CTEX\WinEdt;E:\node_modules\npm;C:\WINDOWS\system32;C:\WINDOWS;C:\WINDOWS\System32\Wbem;C:\WINDOWS\System32\WindowsPowerShell\v1.0\;C:\WINDOWS\System32\OpenSSH\;D:\Pandoc\;C:\Program Files\NVIDIA Corporation\NVIDIA NvDLISR;C:\Program Files (x86)\NVIDIA Corporation\PhysX\Common;C:\Program Files\Git\cmd;C:\Users\mengf\AppData\Local\Microsoft\WindowsApps;C:\Users\mengf\AppData\Roaming\npm;D:\Fiddler;%USERPROFILE%\AppData\Local\Microsoft\WindowsApps;.]
2019-01-06 02:58:47.555 [restartedMain] INFO  o.a.c.core.ContainerBase.[Tomcat].[localhost].[/] 173 - Initializing Spring embedded WebApplicationContext
2019-01-06 02:58:47.555 [restartedMain] INFO  org.springframework.web.context.ContextLoader 296 - Root WebApplicationContext: initialization completed in 819 ms
2019-01-06 02:58:47.590 [restartedMain] WARN  o.s.b.w.s.c.AnnotationConfigServletWebServerApplicationContext 554 - Exception encountered during context initialization - cancelling refresh attempt: org.springframework.beans.factory.BeanCreationException: Error creating bean with name 'testController': Injection of resource dependencies failed; nested exception is org.springframework.beans.factory.NoSuchBeanDefinitionException: No qualifying bean of type 'cn.edu.nju.software.agile_server.service.TestService' available: expected at least 1 bean which qualifies as autowire candidate. Dependency annotations: {@javax.annotation.Resource(shareable=true, lookup=, name=, description=, authenticationType=CONTAINER, type=class java.lang.Object, mappedName=)}
2019-01-06 02:58:47.592 [restartedMain] INFO  org.apache.catalina.core.StandardService 173 - Stopping service [Tomcat]
2019-01-06 02:58:47.615 [restartedMain] INFO  o.s.b.a.l.ConditionEvaluationReportLoggingListener 142 - 

Error starting ApplicationContext. To display the conditions report re-run your application with 'debug' enabled.
2019-01-06 02:58:47.707 [restartedMain] ERROR o.s.b.diagnostics.LoggingFailureAnalysisReporter 42 - 

***************************
APPLICATION FAILED TO START
***************************

Description:

A component required a bean of type 'cn.edu.nju.software.agile_server.service.TestService' that could not be found.


Action:

Consider defining a bean of type 'cn.edu.nju.software.agile_server.service.TestService' in your configuration.

2019-01-06 03:02:57.724 [restartedMain] INFO  cn.edu.nju.software.agile_server.MainApplication 50 - Starting MainApplication on DESKTOP-RNKM58F with PID 9236 (E:\IDEAProjects\AgileHomework\AgileServer\target\classes started by mengf in E:\IDEAProjects\AgileHomework\AgileServer)
2019-01-06 03:02:57.727 [restartedMain] DEBUG cn.edu.nju.software.agile_server.MainApplication 53 - Running with Spring Boot v2.1.1.RELEASE, Spring v5.1.3.RELEASE
2019-01-06 03:02:57.728 [restartedMain] INFO  cn.edu.nju.software.agile_server.MainApplication 679 - The following profiles are active: dev
2019-01-06 03:02:57.783 [restartedMain] INFO  o.s.b.d.env.DevToolsPropertyDefaultsPostProcessor 227 - Devtools property defaults active! Set 'spring.devtools.add-properties' to 'false' to disable
2019-01-06 03:02:57.783 [restartedMain] INFO  o.s.b.d.env.DevToolsPropertyDefaultsPostProcessor 227 - For additional web related logging consider setting the 'logging.level.web' property to 'DEBUG'
2019-01-06 03:02:58.212 [restartedMain] WARN  org.mybatis.spring.mapper.ClassPathMapperScanner 166 - No MyBatis mapper was found in '[cn.edu.nju.software.agile_server]' package. Please check your configuration.
2019-01-06 03:02:58.633 [restartedMain] INFO  o.s.boot.web.embedded.tomcat.TomcatWebServer 90 - Tomcat initialized with port(s): 9090 (http)
2019-01-06 03:02:58.641 [restartedMain] INFO  org.apache.coyote.http11.Http11NioProtocol 173 - Initializing ProtocolHandler ["http-nio-9090"]
2019-01-06 03:02:58.648 [restartedMain] INFO  org.apache.catalina.core.StandardService 173 - Starting service [Tomcat]
2019-01-06 03:02:58.648 [restartedMain] INFO  org.apache.catalina.core.StandardEngine 173 - Starting Servlet Engine: Apache Tomcat/9.0.13
2019-01-06 03:02:58.654 [restartedMain] INFO  org.apache.catalina.core.AprLifecycleListener 173 - The APR based Apache Tomcat Native library which allows optimal performance in production environments was not found on the java.library.path: [E:\Java\jdk1.8.0_172\bin;C:\WINDOWS\Sun\Java\bin;C:\WINDOWS\system32;C:\WINDOWS;D:\CUDA\cuda9.0\cuda_development\bin;D:\CUDA\cuda9.0\cuda_development\libnvvp;C:\Program Files (x86)\Common Files\Intel\Shared Libraries\redist\intel64\compiler;C:\Program Files (x86)\Common Files\Oracle\Java\javapath;C:\Windows\system32;C:\Windows;C:\Windows\System32\Wbem;C:\Windows\System32\WindowsPowerShell\v1.0\;C:\Windows\System32\OpenSSH\;E:\Java\jdk1.8.0_172\bin;E:\Java\jdk1.8.0_172\jre\bin;C:\Program Files\nodejs\;E:\Maven\apache-maven-3.5.3\bin\;D:\MySQL\mysql-8.0.11-winx64\bin\;D:\Anaconda\Anaconda3\envs\tensorflow\;D:\Anaconda\Anaconda3\envs\tensorflow\Scripts;D:\MongoDB\Server\3.6\bin;D:\redis\Redis-x64-3.2.100;D:\Microsoft VS Code\bin;C:\Program Files (x86)\Google\Chrome\Application;D:\ffmpeg\ffmpeg-win64-static\bin;D:\CTEX\UserData\miktex\bin;D:\CTEX\MiKTeX\miktex\bin;D:\CTEX\CTeX\ctex\bin;D:\CTEX\CTeX\cct\bin;D:\CTEX\CTeX\ty\bin;D:\CTEX\Ghostscript\gs9.05\bin;D:\CTEX\GSview\gsview;D:\CTEX\WinEdt;E:\node_modules\npm;C:\WINDOWS\system32;C:\WINDOWS;C:\WINDOWS\System32\Wbem;C:\WINDOWS\System32\WindowsPowerShell\v1.0\;C:\WINDOWS\System32\OpenSSH\;D:\Pandoc\;C:\Program Files\NVIDIA Corporation\NVIDIA NvDLISR;C:\Program Files (x86)\NVIDIA Corporation\PhysX\Common;C:\Program Files\Git\cmd;C:\Users\mengf\AppData\Local\Microsoft\WindowsApps;C:\Users\mengf\AppData\Roaming\npm;D:\Fiddler;%USERPROFILE%\AppData\Local\Microsoft\WindowsApps;.]
2019-01-06 03:02:58.716 [restartedMain] INFO  o.a.c.core.ContainerBase.[Tomcat].[localhost].[/] 173 - Initializing Spring embedded WebApplicationContext
2019-01-06 03:02:58.717 [restartedMain] INFO  org.springframework.web.context.ContextLoader 296 - Root WebApplicationContext: initialization completed in 934 ms
2019-01-06 03:02:58.869 [restartedMain] INFO  o.s.scheduling.concurrent.ThreadPoolTaskExecutor 171 - Initializing ExecutorService 'applicationTaskExecutor'
2019-01-06 03:02:58.942 [restartedMain] WARN  o.s.b.w.s.c.AnnotationConfigServletWebServerApplicationContext 554 - Exception encountered during context initialization - cancelling refresh attempt: org.springframework.beans.factory.BeanCreationException: Error creating bean with name 'dataSource' defined in class path resource [org/springframework/boot/autoconfigure/jdbc/DataSourceConfiguration$Hikari.class]: Bean instantiation via factory method failed; nested exception is org.springframework.beans.BeanInstantiationException: Failed to instantiate [com.zaxxer.hikari.HikariDataSource]: Factory method 'dataSource' threw exception; nested exception is org.springframework.boot.autoconfigure.jdbc.DataSourceProperties$DataSourceBeanCreationException: Failed to determine a suitable driver class
2019-01-06 03:02:58.943 [restartedMain] INFO  o.s.scheduling.concurrent.ThreadPoolTaskExecutor 208 - Shutting down ExecutorService 'applicationTaskExecutor'
2019-01-06 03:02:58.945 [restartedMain] INFO  org.apache.catalina.core.StandardService 173 - Stopping service [Tomcat]
2019-01-06 03:02:58.955 [restartedMain] INFO  o.s.b.a.l.ConditionEvaluationReportLoggingListener 142 - 

Error starting ApplicationContext. To display the conditions report re-run your application with 'debug' enabled.
2019-01-06 03:02:58.959 [restartedMain] ERROR o.s.b.diagnostics.LoggingFailureAnalysisReporter 42 - 

***************************
APPLICATION FAILED TO START
***************************

Description:

Failed to configure a DataSource: 'url' attribute is not specified and no embedded datasource could be configured.

Reason: Failed to determine a suitable driver class


Action:

Consider the following:
	If you want an embedded database (H2, HSQL or Derby), please put it on the classpath.
	If you have database settings to be loaded from a particular profile you may need to activate it (no profiles are currently active).

2019-01-06 03:07:59.813 [restartedMain] INFO  cn.edu.nju.software.agile_server.MainApplication 50 - Starting MainApplication on DESKTOP-RNKM58F with PID 524 (E:\IDEAProjects\AgileHomework\AgileServer\target\classes started by mengf in E:\IDEAProjects\AgileHomework\AgileServer)
2019-01-06 03:07:59.815 [restartedMain] DEBUG cn.edu.nju.software.agile_server.MainApplication 53 - Running with Spring Boot v2.1.1.RELEASE, Spring v5.1.3.RELEASE
2019-01-06 03:07:59.816 [restartedMain] INFO  cn.edu.nju.software.agile_server.MainApplication 679 - The following profiles are active: prod
2019-01-06 03:07:59.871 [restartedMain] INFO  o.s.b.d.env.DevToolsPropertyDefaultsPostProcessor 227 - Devtools property defaults active! Set 'spring.devtools.add-properties' to 'false' to disable
2019-01-06 03:07:59.871 [restartedMain] INFO  o.s.b.d.env.DevToolsPropertyDefaultsPostProcessor 227 - For additional web related logging consider setting the 'logging.level.web' property to 'DEBUG'
2019-01-06 03:08:00.201 [restartedMain] WARN  org.mybatis.spring.mapper.ClassPathMapperScanner 166 - No MyBatis mapper was found in '[cn.edu.nju.software.agile_server]' package. Please check your configuration.
2019-01-06 03:08:00.609 [restartedMain] INFO  o.s.boot.web.embedded.tomcat.TomcatWebServer 90 - Tomcat initialized with port(s): 9090 (http)
2019-01-06 03:08:00.617 [restartedMain] INFO  org.apache.coyote.http11.Http11NioProtocol 173 - Initializing ProtocolHandler ["http-nio-9090"]
2019-01-06 03:08:00.622 [restartedMain] INFO  org.apache.catalina.core.StandardService 173 - Starting service [Tomcat]
2019-01-06 03:08:00.622 [restartedMain] INFO  org.apache.catalina.core.StandardEngine 173 - Starting Servlet Engine: Apache Tomcat/9.0.13
2019-01-06 03:08:00.626 [restartedMain] INFO  org.apache.catalina.core.AprLifecycleListener 173 - The APR based Apache Tomcat Native library which allows optimal performance in production environments was not found on the java.library.path: [E:\Java\jdk1.8.0_172\bin;C:\WINDOWS\Sun\Java\bin;C:\WINDOWS\system32;C:\WINDOWS;D:\CUDA\cuda9.0\cuda_development\bin;D:\CUDA\cuda9.0\cuda_development\libnvvp;C:\Program Files (x86)\Common Files\Intel\Shared Libraries\redist\intel64\compiler;C:\Program Files (x86)\Common Files\Oracle\Java\javapath;C:\Windows\system32;C:\Windows;C:\Windows\System32\Wbem;C:\Windows\System32\WindowsPowerShell\v1.0\;C:\Windows\System32\OpenSSH\;E:\Java\jdk1.8.0_172\bin;E:\Java\jdk1.8.0_172\jre\bin;C:\Program Files\nodejs\;E:\Maven\apache-maven-3.5.3\bin\;D:\MySQL\mysql-8.0.11-winx64\bin\;D:\Anaconda\Anaconda3\envs\tensorflow\;D:\Anaconda\Anaconda3\envs\tensorflow\Scripts;D:\MongoDB\Server\3.6\bin;D:\redis\Redis-x64-3.2.100;D:\Microsoft VS Code\bin;C:\Program Files (x86)\Google\Chrome\Application;D:\ffmpeg\ffmpeg-win64-static\bin;D:\CTEX\UserData\miktex\bin;D:\CTEX\MiKTeX\miktex\bin;D:\CTEX\CTeX\ctex\bin;D:\CTEX\CTeX\cct\bin;D:\CTEX\CTeX\ty\bin;D:\CTEX\Ghostscript\gs9.05\bin;D:\CTEX\GSview\gsview;D:\CTEX\WinEdt;E:\node_modules\npm;C:\WINDOWS\system32;C:\WINDOWS;C:\WINDOWS\System32\Wbem;C:\WINDOWS\System32\WindowsPowerShell\v1.0\;C:\WINDOWS\System32\OpenSSH\;D:\Pandoc\;C:\Program Files\NVIDIA Corporation\NVIDIA NvDLISR;C:\Program Files (x86)\NVIDIA Corporation\PhysX\Common;C:\Program Files\Git\cmd;C:\Users\mengf\AppData\Local\Microsoft\WindowsApps;C:\Users\mengf\AppData\Roaming\npm;D:\Fiddler;%USERPROFILE%\AppData\Local\Microsoft\WindowsApps;.]
2019-01-06 03:08:00.686 [restartedMain] INFO  o.a.c.core.ContainerBase.[Tomcat].[localhost].[/] 173 - Initializing Spring embedded WebApplicationContext
2019-01-06 03:08:00.686 [restartedMain] INFO  org.springframework.web.context.ContextLoader 296 - Root WebApplicationContext: initialization completed in 815 ms
2019-01-06 03:08:00.823 [restartedMain] INFO  o.s.scheduling.concurrent.ThreadPoolTaskExecutor 171 - Initializing ExecutorService 'applicationTaskExecutor'
2019-01-06 03:08:01.040 [restartedMain] INFO  o.s.b.d.autoconfigure.OptionalLiveReloadServer 57 - LiveReload server is running on port 35729
2019-01-06 03:08:01.057 [restartedMain] INFO  org.apache.coyote.http11.Http11NioProtocol 173 - Starting ProtocolHandler ["http-nio-9090"]
2019-01-06 03:08:01.063 [restartedMain] INFO  org.apache.tomcat.util.net.NioSelectorPool 173 - Using a shared selector for servlet write/read
2019-01-06 03:08:01.072 [restartedMain] INFO  o.s.boot.web.embedded.tomcat.TomcatWebServer 204 - Tomcat started on port(s): 9090 (http) with context path ''
2019-01-06 03:08:01.074 [restartedMain] INFO  cn.edu.nju.software.agile_server.MainApplication 59 - Started MainApplication in 1.532 seconds (JVM running for 2.413)
2019-01-06 03:08:38.144 [restartedMain] INFO  cn.edu.nju.software.agile_server.MainApplication 50 - Starting MainApplication on DESKTOP-RNKM58F with PID 17624 (E:\IDEAProjects\AgileHomework\AgileServer\target\classes started by mengf in E:\IDEAProjects\AgileHomework\AgileServer)
2019-01-06 03:08:38.146 [restartedMain] DEBUG cn.edu.nju.software.agile_server.MainApplication 53 - Running with Spring Boot v2.1.1.RELEASE, Spring v5.1.3.RELEASE
2019-01-06 03:08:38.147 [restartedMain] INFO  cn.edu.nju.software.agile_server.MainApplication 679 - The following profiles are active: prod
2019-01-06 03:08:38.200 [restartedMain] INFO  o.s.b.d.env.DevToolsPropertyDefaultsPostProcessor 227 - Devtools property defaults active! Set 'spring.devtools.add-properties' to 'false' to disable
2019-01-06 03:08:38.200 [restartedMain] INFO  o.s.b.d.env.DevToolsPropertyDefaultsPostProcessor 227 - For additional web related logging consider setting the 'logging.level.web' property to 'DEBUG'
2019-01-06 03:08:38.518 [restartedMain] WARN  org.mybatis.spring.mapper.ClassPathMapperScanner 166 - No MyBatis mapper was found in '[cn.edu.nju.software.agile_server]' package. Please check your configuration.
2019-01-06 03:08:38.918 [restartedMain] INFO  o.s.boot.web.embedded.tomcat.TomcatWebServer 90 - Tomcat initialized with port(s): 9999 (http)
2019-01-06 03:08:38.932 [restartedMain] INFO  org.apache.coyote.http11.Http11NioProtocol 173 - Initializing ProtocolHandler ["http-nio-9999"]
2019-01-06 03:08:38.942 [restartedMain] INFO  org.apache.catalina.core.StandardService 173 - Starting service [Tomcat]
2019-01-06 03:08:38.943 [restartedMain] INFO  org.apache.catalina.core.StandardEngine 173 - Starting Servlet Engine: Apache Tomcat/9.0.13
2019-01-06 03:08:38.952 [restartedMain] INFO  org.apache.catalina.core.AprLifecycleListener 173 - The APR based Apache Tomcat Native library which allows optimal performance in production environments was not found on the java.library.path: [E:\Java\jdk1.8.0_172\bin;C:\WINDOWS\Sun\Java\bin;C:\WINDOWS\system32;C:\WINDOWS;D:\CUDA\cuda9.0\cuda_development\bin;D:\CUDA\cuda9.0\cuda_development\libnvvp;C:\Program Files (x86)\Common Files\Intel\Shared Libraries\redist\intel64\compiler;C:\Program Files (x86)\Common Files\Oracle\Java\javapath;C:\Windows\system32;C:\Windows;C:\Windows\System32\Wbem;C:\Windows\System32\WindowsPowerShell\v1.0\;C:\Windows\System32\OpenSSH\;E:\Java\jdk1.8.0_172\bin;E:\Java\jdk1.8.0_172\jre\bin;C:\Program Files\nodejs\;E:\Maven\apache-maven-3.5.3\bin\;D:\MySQL\mysql-8.0.11-winx64\bin\;D:\Anaconda\Anaconda3\envs\tensorflow\;D:\Anaconda\Anaconda3\envs\tensorflow\Scripts;D:\MongoDB\Server\3.6\bin;D:\redis\Redis-x64-3.2.100;D:\Microsoft VS Code\bin;C:\Program Files (x86)\Google\Chrome\Application;D:\ffmpeg\ffmpeg-win64-static\bin;D:\CTEX\UserData\miktex\bin;D:\CTEX\MiKTeX\miktex\bin;D:\CTEX\CTeX\ctex\bin;D:\CTEX\CTeX\cct\bin;D:\CTEX\CTeX\ty\bin;D:\CTEX\Ghostscript\gs9.05\bin;D:\CTEX\GSview\gsview;D:\CTEX\WinEdt;E:\node_modules\npm;C:\WINDOWS\system32;C:\WINDOWS;C:\WINDOWS\System32\Wbem;C:\WINDOWS\System32\WindowsPowerShell\v1.0\;C:\WINDOWS\System32\OpenSSH\;D:\Pandoc\;C:\Program Files\NVIDIA Corporation\NVIDIA NvDLISR;C:\Program Files (x86)\NVIDIA Corporation\PhysX\Common;C:\Program Files\Git\cmd;C:\Users\mengf\AppData\Local\Microsoft\WindowsApps;C:\Users\mengf\AppData\Roaming\npm;D:\Fiddler;%USERPROFILE%\AppData\Local\Microsoft\WindowsApps;.]
2019-01-06 03:08:39.023 [restartedMain] INFO  o.a.c.core.ContainerBase.[Tomcat].[localhost].[/] 173 - Initializing Spring embedded WebApplicationContext
2019-01-06 03:08:39.023 [restartedMain] INFO  org.springframework.web.context.ContextLoader 296 - Root WebApplicationContext: initialization completed in 823 ms
2019-01-06 03:08:39.191 [restartedMain] INFO  o.s.scheduling.concurrent.ThreadPoolTaskExecutor 171 - Initializing ExecutorService 'applicationTaskExecutor'
2019-01-06 03:08:39.414 [restartedMain] INFO  o.s.b.d.autoconfigure.OptionalLiveReloadServer 57 - LiveReload server is running on port 35729
2019-01-06 03:08:39.433 [restartedMain] INFO  org.apache.coyote.http11.Http11NioProtocol 173 - Starting ProtocolHandler ["http-nio-9999"]
2019-01-06 03:08:39.440 [restartedMain] INFO  org.apache.tomcat.util.net.NioSelectorPool 173 - Using a shared selector for servlet write/read
2019-01-06 03:08:39.449 [restartedMain] INFO  o.s.boot.web.embedded.tomcat.TomcatWebServer 204 - Tomcat started on port(s): 9999 (http) with context path ''
2019-01-06 03:08:39.451 [restartedMain] INFO  cn.edu.nju.software.agile_server.MainApplication 59 - Started MainApplication in 1.574 seconds (JVM running for 2.476)
2019-01-06 03:08:55.343 [http-nio-9999-exec-1] INFO  o.a.c.core.ContainerBase.[Tomcat].[localhost].[/] 173 - Initializing Spring DispatcherServlet 'dispatcherServlet'
2019-01-06 03:08:55.344 [http-nio-9999-exec-1] INFO  org.springframework.web.servlet.DispatcherServlet 524 - Initializing Servlet 'dispatcherServlet'
2019-01-06 03:08:55.348 [http-nio-9999-exec-1] INFO  org.springframework.web.servlet.DispatcherServlet 546 - Completed initialization in 4 ms
2019-01-06 03:08:55.365 [http-nio-9999-exec-1] INFO  c.e.n.s.agile_server.controller.TestController 19 - mapping hello
2019-01-06 03:10:43.076 [restartedMain] INFO  cn.edu.nju.software.agile_server.MainApplication 50 - Starting MainApplication on DESKTOP-RNKM58F with PID 6288 (E:\IDEAProjects\AgileHomework\AgileServer\target\classes started by mengf in E:\IDEAProjects\AgileHomework\AgileServer)
2019-01-06 03:10:43.078 [restartedMain] DEBUG cn.edu.nju.software.agile_server.MainApplication 53 - Running with Spring Boot v2.1.1.RELEASE, Spring v5.1.3.RELEASE
2019-01-06 03:10:43.079 [restartedMain] INFO  cn.edu.nju.software.agile_server.MainApplication 679 - The following profiles are active: prod
2019-01-06 03:10:43.140 [restartedMain] INFO  o.s.b.d.env.DevToolsPropertyDefaultsPostProcessor 227 - Devtools property defaults active! Set 'spring.devtools.add-properties' to 'false' to disable
2019-01-06 03:10:43.140 [restartedMain] INFO  o.s.b.d.env.DevToolsPropertyDefaultsPostProcessor 227 - For additional web related logging consider setting the 'logging.level.web' property to 'DEBUG'
2019-01-06 03:10:43.480 [restartedMain] WARN  org.mybatis.spring.mapper.ClassPathMapperScanner 166 - No MyBatis mapper was found in '[cn.edu.nju.software.agile_server]' package. Please check your configuration.
2019-01-06 03:10:43.879 [restartedMain] INFO  o.s.boot.web.embedded.tomcat.TomcatWebServer 90 - Tomcat initialized with port(s): 9999 (http)
2019-01-06 03:10:43.887 [restartedMain] INFO  org.apache.coyote.http11.Http11NioProtocol 173 - Initializing ProtocolHandler ["http-nio-9999"]
2019-01-06 03:10:43.892 [restartedMain] INFO  org.apache.catalina.core.StandardService 173 - Starting service [Tomcat]
2019-01-06 03:10:43.893 [restartedMain] INFO  org.apache.catalina.core.StandardEngine 173 - Starting Servlet Engine: Apache Tomcat/9.0.13
2019-01-06 03:10:43.897 [restartedMain] INFO  org.apache.catalina.core.AprLifecycleListener 173 - The APR based Apache Tomcat Native library which allows optimal performance in production environments was not found on the java.library.path: [E:\Java\jdk1.8.0_172\bin;C:\WINDOWS\Sun\Java\bin;C:\WINDOWS\system32;C:\WINDOWS;D:\CUDA\cuda9.0\cuda_development\bin;D:\CUDA\cuda9.0\cuda_development\libnvvp;C:\Program Files (x86)\Common Files\Intel\Shared Libraries\redist\intel64\compiler;C:\Program Files (x86)\Common Files\Oracle\Java\javapath;C:\Windows\system32;C:\Windows;C:\Windows\System32\Wbem;C:\Windows\System32\WindowsPowerShell\v1.0\;C:\Windows\System32\OpenSSH\;E:\Java\jdk1.8.0_172\bin;E:\Java\jdk1.8.0_172\jre\bin;C:\Program Files\nodejs\;E:\Maven\apache-maven-3.5.3\bin\;D:\MySQL\mysql-8.0.11-winx64\bin\;D:\Anaconda\Anaconda3\envs\tensorflow\;D:\Anaconda\Anaconda3\envs\tensorflow\Scripts;D:\MongoDB\Server\3.6\bin;D:\redis\Redis-x64-3.2.100;D:\Microsoft VS Code\bin;C:\Program Files (x86)\Google\Chrome\Application;D:\ffmpeg\ffmpeg-win64-static\bin;D:\CTEX\UserData\miktex\bin;D:\CTEX\MiKTeX\miktex\bin;D:\CTEX\CTeX\ctex\bin;D:\CTEX\CTeX\cct\bin;D:\CTEX\CTeX\ty\bin;D:\CTEX\Ghostscript\gs9.05\bin;D:\CTEX\GSview\gsview;D:\CTEX\WinEdt;E:\node_modules\npm;C:\WINDOWS\system32;C:\WINDOWS;C:\WINDOWS\System32\Wbem;C:\WINDOWS\System32\WindowsPowerShell\v1.0\;C:\WINDOWS\System32\OpenSSH\;D:\Pandoc\;C:\Program Files\NVIDIA Corporation\NVIDIA NvDLISR;C:\Program Files (x86)\NVIDIA Corporation\PhysX\Common;C:\Program Files\Git\cmd;C:\Users\mengf\AppData\Local\Microsoft\WindowsApps;C:\Users\mengf\AppData\Roaming\npm;D:\Fiddler;%USERPROFILE%\AppData\Local\Microsoft\WindowsApps;.]
2019-01-06 03:10:43.952 [restartedMain] INFO  o.a.c.core.ContainerBase.[Tomcat].[localhost].[/] 173 - Initializing Spring embedded WebApplicationContext
2019-01-06 03:10:43.952 [restartedMain] INFO  org.springframework.web.context.ContextLoader 296 - Root WebApplicationContext: initialization completed in 811 ms
2019-01-06 03:10:44.102 [restartedMain] INFO  o.s.scheduling.concurrent.ThreadPoolTaskExecutor 171 - Initializing ExecutorService 'applicationTaskExecutor'
2019-01-06 03:10:44.313 [restartedMain] INFO  o.s.b.d.autoconfigure.OptionalLiveReloadServer 57 - LiveReload server is running on port 35729
2019-01-06 03:10:44.330 [restartedMain] INFO  org.apache.coyote.http11.Http11NioProtocol 173 - Starting ProtocolHandler ["http-nio-9999"]
2019-01-06 03:10:44.336 [restartedMain] INFO  org.apache.tomcat.util.net.NioSelectorPool 173 - Using a shared selector for servlet write/read
2019-01-06 03:10:44.345 [restartedMain] INFO  o.s.boot.web.embedded.tomcat.TomcatWebServer 204 - Tomcat started on port(s): 9999 (http) with context path ''
2019-01-06 03:10:44.347 [restartedMain] INFO  cn.edu.nju.software.agile_server.MainApplication 59 - Started MainApplication in 1.553 seconds (JVM running for 2.437)
2019-01-06 03:11:47.189 [restartedMain] INFO  cn.edu.nju.software.agile_server.MainApplication 50 - Starting MainApplication on DESKTOP-RNKM58F with PID 16744 (E:\IDEAProjects\AgileHomework\AgileServer\target\classes started by mengf in E:\IDEAProjects\AgileHomework\AgileServer)
2019-01-06 03:11:47.192 [restartedMain] DEBUG cn.edu.nju.software.agile_server.MainApplication 53 - Running with Spring Boot v2.1.1.RELEASE, Spring v5.1.3.RELEASE
2019-01-06 03:11:47.193 [restartedMain] INFO  cn.edu.nju.software.agile_server.MainApplication 679 - The following profiles are active: prod
2019-01-06 03:11:47.252 [restartedMain] INFO  o.s.b.d.env.DevToolsPropertyDefaultsPostProcessor 227 - Devtools property defaults active! Set 'spring.devtools.add-properties' to 'false' to disable
2019-01-06 03:11:47.252 [restartedMain] INFO  o.s.b.d.env.DevToolsPropertyDefaultsPostProcessor 227 - For additional web related logging consider setting the 'logging.level.web' property to 'DEBUG'
2019-01-06 03:11:47.608 [restartedMain] WARN  org.mybatis.spring.mapper.ClassPathMapperScanner 166 - No MyBatis mapper was found in '[cn.edu.nju.software.agile_server]' package. Please check your configuration.
2019-01-06 03:11:48.014 [restartedMain] INFO  o.s.boot.web.embedded.tomcat.TomcatWebServer 90 - Tomcat initialized with port(s): 9999 (http)
2019-01-06 03:11:48.022 [restartedMain] INFO  org.apache.coyote.http11.Http11NioProtocol 173 - Initializing ProtocolHandler ["http-nio-9999"]
2019-01-06 03:11:48.028 [restartedMain] INFO  org.apache.catalina.core.StandardService 173 - Starting service [Tomcat]
2019-01-06 03:11:48.028 [restartedMain] INFO  org.apache.catalina.core.StandardEngine 173 - Starting Servlet Engine: Apache Tomcat/9.0.13
2019-01-06 03:11:48.032 [restartedMain] INFO  org.apache.catalina.core.AprLifecycleListener 173 - The APR based Apache Tomcat Native library which allows optimal performance in production environments was not found on the java.library.path: [E:\Java\jdk1.8.0_172\bin;C:\WINDOWS\Sun\Java\bin;C:\WINDOWS\system32;C:\WINDOWS;D:\CUDA\cuda9.0\cuda_development\bin;D:\CUDA\cuda9.0\cuda_development\libnvvp;C:\Program Files (x86)\Common Files\Intel\Shared Libraries\redist\intel64\compiler;C:\Program Files (x86)\Common Files\Oracle\Java\javapath;C:\Windows\system32;C:\Windows;C:\Windows\System32\Wbem;C:\Windows\System32\WindowsPowerShell\v1.0\;C:\Windows\System32\OpenSSH\;E:\Java\jdk1.8.0_172\bin;E:\Java\jdk1.8.0_172\jre\bin;C:\Program Files\nodejs\;E:\Maven\apache-maven-3.5.3\bin\;D:\MySQL\mysql-8.0.11-winx64\bin\;D:\Anaconda\Anaconda3\envs\tensorflow\;D:\Anaconda\Anaconda3\envs\tensorflow\Scripts;D:\MongoDB\Server\3.6\bin;D:\redis\Redis-x64-3.2.100;D:\Microsoft VS Code\bin;C:\Program Files (x86)\Google\Chrome\Application;D:\ffmpeg\ffmpeg-win64-static\bin;D:\CTEX\UserData\miktex\bin;D:\CTEX\MiKTeX\miktex\bin;D:\CTEX\CTeX\ctex\bin;D:\CTEX\CTeX\cct\bin;D:\CTEX\CTeX\ty\bin;D:\CTEX\Ghostscript\gs9.05\bin;D:\CTEX\GSview\gsview;D:\CTEX\WinEdt;E:\node_modules\npm;C:\WINDOWS\system32;C:\WINDOWS;C:\WINDOWS\System32\Wbem;C:\WINDOWS\System32\WindowsPowerShell\v1.0\;C:\WINDOWS\System32\OpenSSH\;D:\Pandoc\;C:\Program Files\NVIDIA Corporation\NVIDIA NvDLISR;C:\Program Files (x86)\NVIDIA Corporation\PhysX\Common;C:\Program Files\Git\cmd;C:\Users\mengf\AppData\Local\Microsoft\WindowsApps;C:\Users\mengf\AppData\Roaming\npm;D:\Fiddler;%USERPROFILE%\AppData\Local\Microsoft\WindowsApps;.]
2019-01-06 03:11:48.086 [restartedMain] INFO  o.a.c.core.ContainerBase.[Tomcat].[localhost].[/] 173 - Initializing Spring embedded WebApplicationContext
2019-01-06 03:11:48.087 [restartedMain] INFO  org.springframework.web.context.ContextLoader 296 - Root WebApplicationContext: initialization completed in 834 ms
2019-01-06 03:11:48.234 [restartedMain] INFO  o.s.scheduling.concurrent.ThreadPoolTaskExecutor 171 - Initializing ExecutorService 'applicationTaskExecutor'
2019-01-06 03:11:48.444 [restartedMain] INFO  o.s.b.d.autoconfigure.OptionalLiveReloadServer 57 - LiveReload server is running on port 35729
2019-01-06 03:11:48.463 [restartedMain] INFO  org.apache.coyote.http11.Http11NioProtocol 173 - Starting ProtocolHandler ["http-nio-9999"]
2019-01-06 03:11:48.469 [restartedMain] INFO  org.apache.tomcat.util.net.NioSelectorPool 173 - Using a shared selector for servlet write/read
2019-01-06 03:11:48.481 [restartedMain] INFO  o.s.boot.web.embedded.tomcat.TomcatWebServer 204 - Tomcat started on port(s): 9999 (http) with context path ''
2019-01-06 03:11:48.483 [restartedMain] INFO  cn.edu.nju.software.agile_server.MainApplication 59 - Started MainApplication in 1.579 seconds (JVM running for 2.541)
